<?xml version="1.0" encoding="UTF-8"?>
<!-- Generated by org.testng.reporters.JUnitReportReporter -->
<testsuite hostname="DESKTOP-LRHR7A2" failures="0" tests="1" name="cucumber.TestNGRunner" time="15.001" errors="0" timestamp="2024-06-28T22:05:22 IST" skipped="0">
  <testcase classname="cucumber.TestNGRunner" name="runScenario" time="15.001"/>
  <system-out/>
</testsuite> <!-- cucumber.TestNGRunner -->
