<?xml version="1.0" encoding="UTF-8"?>
<!-- Generated by org.testng.reporters.JUnitReportReporter -->
<testsuite hostname="DESKTOP-LRHR7A2" failures="0" tests="1" name="com.company.tests.HomePageTest" time="53.012" errors="0" timestamp="2024-06-27T23:25:33 IST" skipped="0">
  <testcase classname="com.company.tests.HomePageTest" name="VerifycheatSheetEmailSent" time="53.012"/>
</testsuite> <!-- com.company.tests.HomePageTest -->
