<?xml version="1.0" encoding="UTF-8"?>
<!-- Generated by org.testng.reporters.JUnitReportReporter -->
<testsuite hostname="DESKTOP-LRHR7A2" failures="0" tests="1" name="com.company.tests.LoginTest" time="7.020" errors="0" timestamp="2024-06-28T10:20:33 IST" skipped="0">
  <testcase classname="com.company.tests.LoginTest" name="LoginPageTest" time="7.020"/>
</testsuite> <!-- com.company.tests.LoginTest -->
